Jun 29, 2020 5:13:19 PM com.AutomationFramework.Core.WebEventsListener beforeNavigateTo
INFO: Before navigating to: 'https://account.bbc.com/signin'

Jun 29, 2020 5:13:23 PM com.AutomationFramework.Core.WebEventsListener afterNavigateTo
INFO: Navigated to:'https://account.bbc.com/signin'

Jun 29, 2020 5:13:25 PM com.AutomationFramework.Core.WebEventsListener beforeFindBy
INFO: Before finding By

Jun 29, 2020 5:13:25 PM com.AutomationFramework.Core.WebEventsListener afterFindBy
INFO: Found Element By : By.xpath: /html//input[@id='user-identifier-input'] Web Element 1 => [[ChromeDriver: chrome on WINDOWS (09329384a4a271f8db6858f892e555d3)] -> xpath: /html//input[@id='user-identifier-input']]Web Element 2 => ChromeDriver: chrome on WINDOWS (09329384a4a271f8db6858f892e555d3)

Jun 29, 2020 5:13:25 PM com.AutomationFramework.Core.WebEventsListener beforeChangeValueOf
INFO: Before changing value

Jun 29, 2020 5:13:25 PM com.AutomationFramework.Core.WebEventsListener beforeFindBy
INFO: Before finding By

Jun 29, 2020 5:13:25 PM com.AutomationFramework.Core.WebEventsListener afterFindBy
INFO: Found Element By : By.xpath: /html//button[@id='submit-button'] Web Element 1 => [[ChromeDriver: chrome on WINDOWS (09329384a4a271f8db6858f892e555d3)] -> xpath: /html//button[@id='submit-button']]Web Element 2 => ChromeDriver: chrome on WINDOWS (09329384a4a271f8db6858f892e555d3)

Jun 29, 2020 5:13:25 PM com.AutomationFramework.Core.WebEventsListener beforeGetText
INFO: Before getting text of element=[[ChromeDriver: chrome on WINDOWS (09329384a4a271f8db6858f892e555d3)] -> xpath: /html//button[@id='submit-button']]

Jun 29, 2020 5:13:25 PM com.AutomationFramework.Core.WebEventsListener afterGetText
INFO: After getting text => Sign in WebElement 1 => [[ChromeDriver: chrome on WINDOWS (09329384a4a271f8db6858f892e555d3)] -> xpath: /html//button[@id='submit-button']] WebElement 2 => ChromeDriver: chrome on WINDOWS (09329384a4a271f8db6858f892e555d3)

Jun 29, 2020 5:13:28 PM com.AutomationFramework.Core.WebEventsListener beforeFindBy
INFO: Before finding By

Jun 29, 2020 5:13:28 PM com.AutomationFramework.Core.WebEventsListener afterFindBy
INFO: Found Element By : By.xpath: /html//button[@id='submit-button'] Web Element 1 => [[ChromeDriver: chrome on WINDOWS (09329384a4a271f8db6858f892e555d3)] -> xpath: /html//button[@id='submit-button']]Web Element 2 => ChromeDriver: chrome on WINDOWS (09329384a4a271f8db6858f892e555d3)

Jun 29, 2020 5:13:28 PM com.AutomationFramework.Core.WebEventsListener beforeClickOn
INFO: Before clicking WebElement => [[ChromeDriver: chrome on WINDOWS (09329384a4a271f8db6858f892e555d3)] -> xpath: /html//button[@id='submit-button']]

Jun 29, 2020 5:13:28 PM com.AutomationFramework.Core.WebEventsListener afterClickOn
INFO: Clicked on: [[ChromeDriver: chrome on WINDOWS (09329384a4a271f8db6858f892e555d3)] -> xpath: /html//button[@id='submit-button']]

Jun 29, 2020 5:13:31 PM com.AutomationFramework.Core.WebEventsListener beforeGetScreenshotAs
INFO: Before getting screenshot

Jun 29, 2020 5:13:32 PM com.AutomationFramework.Core.WebEventsListener afterGetScreenshotAs
INFO: After screenshots taken
Jun 29, 2020 5:13:32 PM com.AutomationFramework.Core.WebEventsListener beforeNavigateTo
INFO: Before navigating to: 'https://www.kcomhome.com/'

Jun 29, 2020 5:13:35 PM com.AutomationFramework.Core.WebEventsListener afterNavigateTo
INFO: Navigated to:'https://www.kcomhome.com/'

Jun 29, 2020 5:13:38 PM com.AutomationFramework.Core.WebEventsListener beforeFindBy
INFO: Before finding By

Jun 29, 2020 5:13:38 PM com.AutomationFramework.Core.WebEventsListener afterFindBy
INFO: Found Element By : By.xpath: //li[@id='nav-two']/a[@href='/umbraco/surface/general/myaccount'] Web Element 1 => [[ChromeDriver: chrome on WINDOWS (09329384a4a271f8db6858f892e555d3)] -> xpath: //li[@id='nav-two']/a[@href='/umbraco/surface/general/myaccount']]Web Element 2 => ChromeDriver: chrome on WINDOWS (09329384a4a271f8db6858f892e555d3)

Jun 29, 2020 5:13:38 PM com.AutomationFramework.Core.WebEventsListener beforeClickOn
INFO: Before clicking WebElement => [[ChromeDriver: chrome on WINDOWS (09329384a4a271f8db6858f892e555d3)] -> xpath: //li[@id='nav-two']/a[@href='/umbraco/surface/general/myaccount']]

Jun 29, 2020 5:13:38 PM com.AutomationFramework.Core.WebEventsListener afterClickOn
INFO: Clicked on: [[ChromeDriver: chrome on WINDOWS (09329384a4a271f8db6858f892e555d3)] -> xpath: //li[@id='nav-two']/a[@href='/umbraco/surface/general/myaccount']]

Jun 29, 2020 5:13:38 PM com.AutomationFramework.Core.WebEventsListener beforeGetScreenshotAs
INFO: Before getting screenshot

Jun 29, 2020 5:13:39 PM com.AutomationFramework.Core.WebEventsListener afterGetScreenshotAs
INFO: After screenshots taken
Jun 29, 2020 5:16:03 PM com.AutomationFramework.Core.WebEventsListener beforeNavigateTo
INFO: Before navigating to: 'https://account.bbc.com/signin'

Jun 29, 2020 5:16:07 PM com.AutomationFramework.Core.WebEventsListener afterNavigateTo
INFO: Navigated to:'https://account.bbc.com/signin'

Jun 29, 2020 5:16:09 PM com.AutomationFramework.Core.WebEventsListener beforeFindBy
INFO: Before finding By

Jun 29, 2020 5:16:09 PM com.AutomationFramework.Core.WebEventsListener afterFindBy
INFO: Found Element By : By.xpath: /html//input[@id='user-identifier-input'] Web Element 1 => [[ChromeDriver: chrome on WINDOWS (8937dcfb50cfbdd53e6cdd51a379daa0)] -> xpath: /html//input[@id='user-identifier-input']]Web Element 2 => ChromeDriver: chrome on WINDOWS (8937dcfb50cfbdd53e6cdd51a379daa0)

Jun 29, 2020 5:16:09 PM com.AutomationFramework.Core.WebEventsListener beforeChangeValueOf
INFO: Before changing value

Jun 29, 2020 5:16:09 PM com.AutomationFramework.Core.WebEventsListener beforeFindBy
INFO: Before finding By

Jun 29, 2020 5:16:09 PM com.AutomationFramework.Core.WebEventsListener afterFindBy
INFO: Found Element By : By.xpath: /html//button[@id='submit-button'] Web Element 1 => [[ChromeDriver: chrome on WINDOWS (8937dcfb50cfbdd53e6cdd51a379daa0)] -> xpath: /html//button[@id='submit-button']]Web Element 2 => ChromeDriver: chrome on WINDOWS (8937dcfb50cfbdd53e6cdd51a379daa0)

Jun 29, 2020 5:16:09 PM com.AutomationFramework.Core.WebEventsListener beforeGetText
INFO: Before getting text of element=[[ChromeDriver: chrome on WINDOWS (8937dcfb50cfbdd53e6cdd51a379daa0)] -> xpath: /html//button[@id='submit-button']]

Jun 29, 2020 5:16:09 PM com.AutomationFramework.Core.WebEventsListener afterGetText
INFO: After getting text => Sign in WebElement 1 => [[ChromeDriver: chrome on WINDOWS (8937dcfb50cfbdd53e6cdd51a379daa0)] -> xpath: /html//button[@id='submit-button']] WebElement 2 => ChromeDriver: chrome on WINDOWS (8937dcfb50cfbdd53e6cdd51a379daa0)

Jun 29, 2020 5:16:11 PM com.AutomationFramework.Core.WebEventsListener beforeFindBy
INFO: Before finding By

Jun 29, 2020 5:16:11 PM com.AutomationFramework.Core.WebEventsListener afterFindBy
INFO: Found Element By : By.xpath: /html//button[@id='submit-button'] Web Element 1 => [[ChromeDriver: chrome on WINDOWS (8937dcfb50cfbdd53e6cdd51a379daa0)] -> xpath: /html//button[@id='submit-button']]Web Element 2 => ChromeDriver: chrome on WINDOWS (8937dcfb50cfbdd53e6cdd51a379daa0)

Jun 29, 2020 5:16:11 PM com.AutomationFramework.Core.WebEventsListener beforeClickOn
INFO: Before clicking WebElement => [[ChromeDriver: chrome on WINDOWS (8937dcfb50cfbdd53e6cdd51a379daa0)] -> xpath: /html//button[@id='submit-button']]

Jun 29, 2020 5:16:12 PM com.AutomationFramework.Core.WebEventsListener afterClickOn
INFO: Clicked on: [[ChromeDriver: chrome on WINDOWS (8937dcfb50cfbdd53e6cdd51a379daa0)] -> xpath: /html//button[@id='submit-button']]

Jun 29, 2020 5:16:15 PM com.AutomationFramework.Core.WebEventsListener beforeGetScreenshotAs
INFO: Before getting screenshot

Jun 29, 2020 5:16:16 PM com.AutomationFramework.Core.WebEventsListener afterGetScreenshotAs
INFO: After screenshots taken
Jun 29, 2020 5:16:16 PM com.AutomationFramework.Core.WebEventsListener beforeNavigateTo
INFO: Before navigating to: 'https://www.kcomhome.com/'

Jun 29, 2020 5:16:18 PM com.AutomationFramework.Core.WebEventsListener afterNavigateTo
INFO: Navigated to:'https://www.kcomhome.com/'

Jun 29, 2020 5:16:21 PM com.AutomationFramework.Core.WebEventsListener beforeFindBy
INFO: Before finding By

Jun 29, 2020 5:16:21 PM com.AutomationFramework.Core.WebEventsListener afterFindBy
INFO: Found Element By : By.xpath: //li[@id='nav-two']/a[@href='/umbraco/surface/general/myaccount'] Web Element 1 => [[ChromeDriver: chrome on WINDOWS (8937dcfb50cfbdd53e6cdd51a379daa0)] -> xpath: //li[@id='nav-two']/a[@href='/umbraco/surface/general/myaccount']]Web Element 2 => ChromeDriver: chrome on WINDOWS (8937dcfb50cfbdd53e6cdd51a379daa0)

Jun 29, 2020 5:16:21 PM com.AutomationFramework.Core.WebEventsListener beforeClickOn
INFO: Before clicking WebElement => [[ChromeDriver: chrome on WINDOWS (8937dcfb50cfbdd53e6cdd51a379daa0)] -> xpath: //li[@id='nav-two']/a[@href='/umbraco/surface/general/myaccount']]

Jun 29, 2020 5:16:21 PM com.AutomationFramework.Core.WebEventsListener afterClickOn
INFO: Clicked on: [[ChromeDriver: chrome on WINDOWS (8937dcfb50cfbdd53e6cdd51a379daa0)] -> xpath: //li[@id='nav-two']/a[@href='/umbraco/surface/general/myaccount']]

Jun 29, 2020 5:16:21 PM com.AutomationFramework.Core.WebEventsListener beforeGetScreenshotAs
INFO: Before getting screenshot

Jun 29, 2020 5:16:23 PM com.AutomationFramework.Core.WebEventsListener afterGetScreenshotAs
INFO: After screenshots taken
Jun 29, 2020 5:19:04 PM com.AutomationFramework.Core.WebEventsListener beforeNavigateTo
INFO: Before navigating to: 'https://account.bbc.com/signin'

Jun 29, 2020 5:19:08 PM com.AutomationFramework.Core.WebEventsListener afterNavigateTo
INFO: Navigated to:'https://account.bbc.com/signin'

Jun 29, 2020 5:19:10 PM com.AutomationFramework.Core.WebEventsListener beforeFindBy
INFO: Before finding By

Jun 29, 2020 5:19:10 PM com.AutomationFramework.Core.WebEventsListener afterFindBy
INFO: Found Element By : By.xpath: /html//input[@id='user-identifier-input'] Web Element 1 => [[ChromeDriver: chrome on WINDOWS (430ce288a71111a03724e858044ca8e5)] -> xpath: /html//input[@id='user-identifier-input']]Web Element 2 => ChromeDriver: chrome on WINDOWS (430ce288a71111a03724e858044ca8e5)

Jun 29, 2020 5:19:10 PM com.AutomationFramework.Core.WebEventsListener beforeChangeValueOf
INFO: Before changing value

Jun 29, 2020 5:19:10 PM com.AutomationFramework.Core.WebEventsListener beforeFindBy
INFO: Before finding By

Jun 29, 2020 5:19:10 PM com.AutomationFramework.Core.WebEventsListener afterFindBy
INFO: Found Element By : By.xpath: /html//button[@id='submit-button'] Web Element 1 => [[ChromeDriver: chrome on WINDOWS (430ce288a71111a03724e858044ca8e5)] -> xpath: /html//button[@id='submit-button']]Web Element 2 => ChromeDriver: chrome on WINDOWS (430ce288a71111a03724e858044ca8e5)

Jun 29, 2020 5:19:10 PM com.AutomationFramework.Core.WebEventsListener beforeGetText
INFO: Before getting text of element=[[ChromeDriver: chrome on WINDOWS (430ce288a71111a03724e858044ca8e5)] -> xpath: /html//button[@id='submit-button']]

Jun 29, 2020 5:19:10 PM com.AutomationFramework.Core.WebEventsListener afterGetText
INFO: After getting text => Sign in WebElement 1 => [[ChromeDriver: chrome on WINDOWS (430ce288a71111a03724e858044ca8e5)] -> xpath: /html//button[@id='submit-button']] WebElement 2 => ChromeDriver: chrome on WINDOWS (430ce288a71111a03724e858044ca8e5)

Jun 29, 2020 5:19:12 PM com.AutomationFramework.Core.WebEventsListener beforeFindBy
INFO: Before finding By

Jun 29, 2020 5:19:12 PM com.AutomationFramework.Core.WebEventsListener afterFindBy
INFO: Found Element By : By.xpath: /html//button[@id='submit-button'] Web Element 1 => [[ChromeDriver: chrome on WINDOWS (430ce288a71111a03724e858044ca8e5)] -> xpath: /html//button[@id='submit-button']]Web Element 2 => ChromeDriver: chrome on WINDOWS (430ce288a71111a03724e858044ca8e5)

Jun 29, 2020 5:19:12 PM com.AutomationFramework.Core.WebEventsListener beforeClickOn
INFO: Before clicking WebElement => [[ChromeDriver: chrome on WINDOWS (430ce288a71111a03724e858044ca8e5)] -> xpath: /html//button[@id='submit-button']]

Jun 29, 2020 5:19:13 PM com.AutomationFramework.Core.WebEventsListener afterClickOn
INFO: Clicked on: [[ChromeDriver: chrome on WINDOWS (430ce288a71111a03724e858044ca8e5)] -> xpath: /html//button[@id='submit-button']]

Jun 29, 2020 5:19:16 PM com.AutomationFramework.Core.WebEventsListener beforeGetScreenshotAs
INFO: Before getting screenshot

Jun 29, 2020 5:19:18 PM com.AutomationFramework.Core.WebEventsListener afterGetScreenshotAs
INFO: After screenshots taken

Jun 29, 2020 5:19:18 PM com.AutomationFramework.Core.WebEventsListener beforeNavigateTo
INFO: Before navigating to: 'https://www.kcomhome.com/'

Jun 29, 2020 5:19:20 PM com.AutomationFramework.Core.WebEventsListener afterNavigateTo
INFO: Navigated to:'https://www.kcomhome.com/'

Jun 29, 2020 5:19:23 PM com.AutomationFramework.Core.WebEventsListener beforeFindBy
INFO: Before finding By

Jun 29, 2020 5:19:23 PM com.AutomationFramework.Core.WebEventsListener afterFindBy
INFO: Found Element By : By.xpath: //li[@id='nav-two']/a[@href='/umbraco/surface/general/myaccount'] Web Element 1 => [[ChromeDriver: chrome on WINDOWS (430ce288a71111a03724e858044ca8e5)] -> xpath: //li[@id='nav-two']/a[@href='/umbraco/surface/general/myaccount']]Web Element 2 => ChromeDriver: chrome on WINDOWS (430ce288a71111a03724e858044ca8e5)

Jun 29, 2020 5:19:23 PM com.AutomationFramework.Core.WebEventsListener beforeClickOn
INFO: Before clicking WebElement => [[ChromeDriver: chrome on WINDOWS (430ce288a71111a03724e858044ca8e5)] -> xpath: //li[@id='nav-two']/a[@href='/umbraco/surface/general/myaccount']]

Jun 29, 2020 5:19:23 PM com.AutomationFramework.Core.WebEventsListener afterClickOn
INFO: Clicked on: [[ChromeDriver: chrome on WINDOWS (430ce288a71111a03724e858044ca8e5)] -> xpath: //li[@id='nav-two']/a[@href='/umbraco/surface/general/myaccount']]

Jun 29, 2020 5:19:23 PM com.AutomationFramework.Core.WebEventsListener beforeGetScreenshotAs
INFO: Before getting screenshot

Jun 29, 2020 5:19:24 PM com.AutomationFramework.Core.WebEventsListener afterGetScreenshotAs
INFO: After screenshots taken

Jun 29, 2020 5:19:47 PM com.AutomationFramework.Core.WebEventsListener beforeNavigateTo
INFO: Before navigating to: 'https://account.bbc.com/signin'

Jun 29, 2020 5:19:51 PM com.AutomationFramework.Core.WebEventsListener afterNavigateTo
INFO: Navigated to:'https://account.bbc.com/signin'

Jun 29, 2020 5:19:53 PM com.AutomationFramework.Core.WebEventsListener beforeFindBy
INFO: Before finding By

Jun 29, 2020 5:19:53 PM com.AutomationFramework.Core.WebEventsListener afterFindBy
INFO: Found Element By : By.xpath: /html//input[@id='user-identifier-input'] Web Element 1 => [[ChromeDriver: chrome on WINDOWS (6465db0dbfa6a0b3c36016938c8e759f)] -> xpath: /html//input[@id='user-identifier-input']]Web Element 2 => ChromeDriver: chrome on WINDOWS (6465db0dbfa6a0b3c36016938c8e759f)

Jun 29, 2020 5:19:53 PM com.AutomationFramework.Core.WebEventsListener beforeChangeValueOf
INFO: Before changing value

Jun 29, 2020 5:19:53 PM com.AutomationFramework.Core.WebEventsListener beforeFindBy
INFO: Before finding By

Jun 29, 2020 5:19:53 PM com.AutomationFramework.Core.WebEventsListener afterFindBy
INFO: Found Element By : By.xpath: /html//button[@id='submit-button'] Web Element 1 => [[ChromeDriver: chrome on WINDOWS (6465db0dbfa6a0b3c36016938c8e759f)] -> xpath: /html//button[@id='submit-button']]Web Element 2 => ChromeDriver: chrome on WINDOWS (6465db0dbfa6a0b3c36016938c8e759f)

Jun 29, 2020 5:19:53 PM com.AutomationFramework.Core.WebEventsListener beforeGetText
INFO: Before getting text of element=[[ChromeDriver: chrome on WINDOWS (6465db0dbfa6a0b3c36016938c8e759f)] -> xpath: /html//button[@id='submit-button']]

Jun 29, 2020 5:19:53 PM com.AutomationFramework.Core.WebEventsListener afterGetText
INFO: After getting text => Sign in WebElement 1 => [[ChromeDriver: chrome on WINDOWS (6465db0dbfa6a0b3c36016938c8e759f)] -> xpath: /html//button[@id='submit-button']] WebElement 2 => ChromeDriver: chrome on WINDOWS (6465db0dbfa6a0b3c36016938c8e759f)

Jun 29, 2020 5:19:55 PM com.AutomationFramework.Core.WebEventsListener beforeFindBy
INFO: Before finding By

Jun 29, 2020 5:19:55 PM com.AutomationFramework.Core.WebEventsListener afterFindBy
INFO: Found Element By : By.xpath: /html//button[@id='submit-button'] Web Element 1 => [[ChromeDriver: chrome on WINDOWS (6465db0dbfa6a0b3c36016938c8e759f)] -> xpath: /html//button[@id='submit-button']]Web Element 2 => ChromeDriver: chrome on WINDOWS (6465db0dbfa6a0b3c36016938c8e759f)

Jun 29, 2020 5:19:55 PM com.AutomationFramework.Core.WebEventsListener beforeClickOn
INFO: Before clicking WebElement => [[ChromeDriver: chrome on WINDOWS (6465db0dbfa6a0b3c36016938c8e759f)] -> xpath: /html//button[@id='submit-button']]

Jun 29, 2020 5:19:56 PM com.AutomationFramework.Core.WebEventsListener afterClickOn
INFO: Clicked on: [[ChromeDriver: chrome on WINDOWS (6465db0dbfa6a0b3c36016938c8e759f)] -> xpath: /html//button[@id='submit-button']]

Jun 29, 2020 5:19:59 PM com.AutomationFramework.Core.WebEventsListener beforeGetScreenshotAs
INFO: Before getting screenshot

Jun 29, 2020 5:20:00 PM com.AutomationFramework.Core.WebEventsListener afterGetScreenshotAs
INFO: After screenshots taken

Jun 29, 2020 5:20:00 PM com.AutomationFramework.Core.WebEventsListener beforeNavigateTo
INFO: Before navigating to: 'https://www.kcomhome.com/'

Jun 29, 2020 5:20:03 PM com.AutomationFramework.Core.WebEventsListener afterNavigateTo
INFO: Navigated to:'https://www.kcomhome.com/'

Jun 29, 2020 5:20:06 PM com.AutomationFramework.Core.WebEventsListener beforeFindBy
INFO: Before finding By

Jun 29, 2020 5:20:06 PM com.AutomationFramework.Core.WebEventsListener afterFindBy
INFO: Found Element By : By.xpath: //li[@id='nav-two']/a[@href='/umbraco/surface/general/myaccount'] Web Element 1 => [[ChromeDriver: chrome on WINDOWS (6465db0dbfa6a0b3c36016938c8e759f)] -> xpath: //li[@id='nav-two']/a[@href='/umbraco/surface/general/myaccount']]Web Element 2 => ChromeDriver: chrome on WINDOWS (6465db0dbfa6a0b3c36016938c8e759f)

Jun 29, 2020 5:20:06 PM com.AutomationFramework.Core.WebEventsListener beforeClickOn
INFO: Before clicking WebElement => [[ChromeDriver: chrome on WINDOWS (6465db0dbfa6a0b3c36016938c8e759f)] -> xpath: //li[@id='nav-two']/a[@href='/umbraco/surface/general/myaccount']]

Jun 29, 2020 5:20:06 PM com.AutomationFramework.Core.WebEventsListener afterClickOn
INFO: Clicked on: [[ChromeDriver: chrome on WINDOWS (6465db0dbfa6a0b3c36016938c8e759f)] -> xpath: //li[@id='nav-two']/a[@href='/umbraco/surface/general/myaccount']]

Jun 29, 2020 5:20:06 PM com.AutomationFramework.Core.WebEventsListener beforeGetScreenshotAs
INFO: Before getting screenshot

Jun 29, 2020 5:20:07 PM com.AutomationFramework.Core.WebEventsListener afterGetScreenshotAs
INFO: After screenshots taken

Jun 29, 2020 5:24:26 PM com.AutomationFramework.Core.WebEventsListener beforeNavigateTo
INFO: Before navigating to: 'https://account.bbc.com/signin'

Jun 29, 2020 5:24:30 PM com.AutomationFramework.Core.WebEventsListener afterNavigateTo
INFO: Navigated to:'https://account.bbc.com/signin'

Jun 29, 2020 5:24:30 PM com.AutomationFramework.Core.WebEventsListener beforeFindBy
INFO: Before finding By

Jun 29, 2020 5:24:31 PM com.AutomationFramework.Core.WebEventsListener afterFindBy
INFO: Found Element By : By.xpath: /html//input[@id='user-identifier-input'] Web Element 1 => [[ChromeDriver: chrome on WINDOWS (061d89bc12bc08d3bb1ec72f840fb83e)] -> xpath: /html//input[@id='user-identifier-input']]Web Element 2 => ChromeDriver: chrome on WINDOWS (061d89bc12bc08d3bb1ec72f840fb83e)

Jun 29, 2020 5:24:31 PM com.AutomationFramework.Core.WebEventsListener beforeChangeValueOf
INFO: Before changing value

Jun 29, 2020 5:24:31 PM com.AutomationFramework.Core.WebEventsListener beforeFindBy
INFO: Before finding By

Jun 29, 2020 5:24:31 PM com.AutomationFramework.Core.WebEventsListener afterFindBy
INFO: Found Element By : By.xpath: /html//button[@id='submit-button'] Web Element 1 => [[ChromeDriver: chrome on WINDOWS (061d89bc12bc08d3bb1ec72f840fb83e)] -> xpath: /html//button[@id='submit-button']]Web Element 2 => ChromeDriver: chrome on WINDOWS (061d89bc12bc08d3bb1ec72f840fb83e)

Jun 29, 2020 5:24:31 PM com.AutomationFramework.Core.WebEventsListener beforeGetText
INFO: Before getting text of element=[[ChromeDriver: chrome on WINDOWS (061d89bc12bc08d3bb1ec72f840fb83e)] -> xpath: /html//button[@id='submit-button']]

Jun 29, 2020 5:24:31 PM com.AutomationFramework.Core.WebEventsListener afterGetText
INFO: After getting text => Sign in WebElement 1 => [[ChromeDriver: chrome on WINDOWS (061d89bc12bc08d3bb1ec72f840fb83e)] -> xpath: /html//button[@id='submit-button']] WebElement 2 => ChromeDriver: chrome on WINDOWS (061d89bc12bc08d3bb1ec72f840fb83e)

Jun 29, 2020 5:24:31 PM com.AutomationFramework.Core.WebEventsListener beforeFindBy
INFO: Before finding By

Jun 29, 2020 5:24:31 PM com.AutomationFramework.Core.WebEventsListener afterFindBy
INFO: Found Element By : By.xpath: /html//button[@id='submit-button'] Web Element 1 => [[ChromeDriver: chrome on WINDOWS (061d89bc12bc08d3bb1ec72f840fb83e)] -> xpath: /html//button[@id='submit-button']]Web Element 2 => ChromeDriver: chrome on WINDOWS (061d89bc12bc08d3bb1ec72f840fb83e)

Jun 29, 2020 5:24:31 PM com.AutomationFramework.Core.WebEventsListener beforeClickOn
INFO: Before clicking WebElement => [[ChromeDriver: chrome on WINDOWS (061d89bc12bc08d3bb1ec72f840fb83e)] -> xpath: /html//button[@id='submit-button']]

Jun 29, 2020 5:24:32 PM com.AutomationFramework.Core.WebEventsListener afterClickOn
INFO: Clicked on: [[ChromeDriver: chrome on WINDOWS (061d89bc12bc08d3bb1ec72f840fb83e)] -> xpath: /html//button[@id='submit-button']]

Jun 29, 2020 5:24:32 PM com.AutomationFramework.Core.WebEventsListener beforeGetScreenshotAs
INFO: Before getting screenshot

Jun 29, 2020 5:24:33 PM com.AutomationFramework.Core.WebEventsListener afterGetScreenshotAs
INFO: After screenshots taken

Jun 29, 2020 5:24:33 PM com.AutomationFramework.Core.WebEventsListener beforeNavigateTo
INFO: Before navigating to: 'https://www.kcomhome.com/'

Jun 29, 2020 5:24:35 PM com.AutomationFramework.Core.WebEventsListener afterNavigateTo
INFO: Navigated to:'https://www.kcomhome.com/'

Jun 29, 2020 5:24:35 PM com.AutomationFramework.Core.WebEventsListener beforeFindBy
INFO: Before finding By

Jun 29, 2020 5:24:36 PM com.AutomationFramework.Core.WebEventsListener afterFindBy
INFO: Found Element By : By.xpath: //li[@id='nav-two']/a[@href='/umbraco/surface/general/myaccount'] Web Element 1 => [[ChromeDriver: chrome on WINDOWS (061d89bc12bc08d3bb1ec72f840fb83e)] -> xpath: //li[@id='nav-two']/a[@href='/umbraco/surface/general/myaccount']]Web Element 2 => ChromeDriver: chrome on WINDOWS (061d89bc12bc08d3bb1ec72f840fb83e)

Jun 29, 2020 5:24:36 PM com.AutomationFramework.Core.WebEventsListener beforeClickOn
INFO: Before clicking WebElement => [[ChromeDriver: chrome on WINDOWS (061d89bc12bc08d3bb1ec72f840fb83e)] -> xpath: //li[@id='nav-two']/a[@href='/umbraco/surface/general/myaccount']]

Jun 29, 2020 5:24:36 PM com.AutomationFramework.Core.WebEventsListener afterClickOn
INFO: Clicked on: [[ChromeDriver: chrome on WINDOWS (061d89bc12bc08d3bb1ec72f840fb83e)] -> xpath: //li[@id='nav-two']/a[@href='/umbraco/surface/general/myaccount']]

Jun 29, 2020 5:24:36 PM com.AutomationFramework.Core.WebEventsListener beforeGetScreenshotAs
INFO: Before getting screenshot

Jun 29, 2020 5:24:37 PM com.AutomationFramework.Core.WebEventsListener afterGetScreenshotAs
INFO: After screenshots taken

Jun 29, 2020 5:26:49 PM com.AutomationFramework.Core.WebEventsListener beforeNavigateTo
INFO: Before navigating to: 'https://account.bbc.com/signin'

Jun 29, 2020 5:27:13 PM com.AutomationFramework.Core.WebEventsListener beforeGetScreenshotAs
INFO: Before getting screenshot

Jun 29, 2020 5:27:34 PM com.AutomationFramework.Core.WebEventsListener onException
SEVERE: Stack Trace : org.openqa.selenium.WebDriverException: java.net.SocketException: Permission denied: no further information
Build info: version: '3.141.59', revision: 'e82be7d358', time: '2018-11-14T08:17:03'
System info: host: 'L-6G2SNN2', ip: '10.0.75.1', os.name: 'Windows 10', os.arch: 'amd64', os.version: '10.0', java.version: '13.0.1'
Driver info: driver.version: EventFiringWebDriver
Jun 29, 2020 5:27:34 PM com.AutomationFramework.Core.WebEventsListener onException
SEVERE: 


Jun 29, 2020 5:27:34 PM com.AutomationFramework.Core.WebEventsListener beforeGetScreenshotAs
INFO: Before getting screenshot

Jun 29, 2020 5:27:55 PM com.AutomationFramework.Core.WebEventsListener onException
SEVERE: Stack Trace : org.openqa.selenium.WebDriverException: java.net.SocketException: Permission denied: no further information
Build info: version: '3.141.59', revision: 'e82be7d358', time: '2018-11-14T08:17:03'
System info: host: 'L-6G2SNN2', ip: '10.0.75.1', os.name: 'Windows 10', os.arch: 'amd64', os.version: '10.0', java.version: '13.0.1'
Driver info: driver.version: EventFiringWebDriver
Jun 29, 2020 5:27:55 PM com.AutomationFramework.Core.WebEventsListener onException
SEVERE: 


Jun 29, 2020 5:28:17 PM com.AutomationFramework.Core.WebEventsListener onException
SEVERE: Stack Trace : org.openqa.selenium.WebDriverException: java.net.SocketException: Permission denied: no further information
Build info: version: '3.141.59', revision: 'e82be7d358', time: '2018-11-14T08:17:03'
System info: host: 'L-6G2SNN2', ip: '10.0.75.1', os.name: 'Windows 10', os.arch: 'amd64', os.version: '10.0', java.version: '13.0.1'
Driver info: driver.version: Driver
Jun 29, 2020 5:28:17 PM com.AutomationFramework.Core.WebEventsListener onException
SEVERE: 


Jun 29, 2020 5:28:58 PM com.AutomationFramework.Core.WebEventsListener beforeNavigateTo
INFO: Before navigating to: 'https://account.bbc.com/signin'

Jun 29, 2020 5:29:02 PM com.AutomationFramework.Core.WebEventsListener afterNavigateTo
INFO: Navigated to:'https://account.bbc.com/signin'

Jun 29, 2020 5:29:02 PM com.AutomationFramework.Core.WebEventsListener beforeFindBy
INFO: Before finding By

Jun 29, 2020 5:29:02 PM com.AutomationFramework.Core.WebEventsListener afterFindBy
INFO: Found Element By : By.xpath: /html//input[@id='user-identifier-input'] Web Element 1 => [[OperaDriver: opera on WINDOWS (83c0ea4a0540e26057a411cff28ef3b8)] -> xpath: /html//input[@id='user-identifier-input']]Web Element 2 => OperaDriver: opera on WINDOWS (83c0ea4a0540e26057a411cff28ef3b8)

Jun 29, 2020 5:29:02 PM com.AutomationFramework.Core.WebEventsListener beforeChangeValueOf
INFO: Before changing value

Jun 29, 2020 5:29:02 PM com.AutomationFramework.Core.WebEventsListener beforeFindBy
INFO: Before finding By

Jun 29, 2020 5:29:02 PM com.AutomationFramework.Core.WebEventsListener afterFindBy
INFO: Found Element By : By.xpath: /html//button[@id='submit-button'] Web Element 1 => [[OperaDriver: opera on WINDOWS (83c0ea4a0540e26057a411cff28ef3b8)] -> xpath: /html//button[@id='submit-button']]Web Element 2 => OperaDriver: opera on WINDOWS (83c0ea4a0540e26057a411cff28ef3b8)

Jun 29, 2020 5:29:02 PM com.AutomationFramework.Core.WebEventsListener beforeGetText
INFO: Before getting text of element=[[OperaDriver: opera on WINDOWS (83c0ea4a0540e26057a411cff28ef3b8)] -> xpath: /html//button[@id='submit-button']]

Jun 29, 2020 5:29:02 PM com.AutomationFramework.Core.WebEventsListener afterGetText
INFO: After getting text => Sign in WebElement 1 => [[OperaDriver: opera on WINDOWS (83c0ea4a0540e26057a411cff28ef3b8)] -> xpath: /html//button[@id='submit-button']] WebElement 2 => OperaDriver: opera on WINDOWS (83c0ea4a0540e26057a411cff28ef3b8)

Jun 29, 2020 5:29:03 PM com.AutomationFramework.Core.WebEventsListener beforeFindBy
INFO: Before finding By

Jun 29, 2020 5:29:03 PM com.AutomationFramework.Core.WebEventsListener afterFindBy
INFO: Found Element By : By.xpath: /html//button[@id='submit-button'] Web Element 1 => [[OperaDriver: opera on WINDOWS (83c0ea4a0540e26057a411cff28ef3b8)] -> xpath: /html//button[@id='submit-button']]Web Element 2 => OperaDriver: opera on WINDOWS (83c0ea4a0540e26057a411cff28ef3b8)

Jun 29, 2020 5:29:03 PM com.AutomationFramework.Core.WebEventsListener beforeClickOn
INFO: Before clicking WebElement => [[OperaDriver: opera on WINDOWS (83c0ea4a0540e26057a411cff28ef3b8)] -> xpath: /html//button[@id='submit-button']]

Jun 29, 2020 5:29:03 PM com.AutomationFramework.Core.WebEventsListener afterClickOn
INFO: Clicked on: [[OperaDriver: opera on WINDOWS (83c0ea4a0540e26057a411cff28ef3b8)] -> xpath: /html//button[@id='submit-button']]

Jun 29, 2020 5:29:03 PM com.AutomationFramework.Core.WebEventsListener beforeGetScreenshotAs
INFO: Before getting screenshot

Jun 29, 2020 5:29:05 PM com.AutomationFramework.Core.WebEventsListener afterGetScreenshotAs
INFO: After screenshots taken

Jun 29, 2020 5:29:05 PM com.AutomationFramework.Core.WebEventsListener beforeNavigateTo
INFO: Before navigating to: 'https://www.kcomhome.com/'

Jun 29, 2020 5:29:06 PM com.AutomationFramework.Core.WebEventsListener afterNavigateTo
INFO: Navigated to:'https://www.kcomhome.com/'

Jun 29, 2020 5:29:06 PM com.AutomationFramework.Core.WebEventsListener beforeFindBy
INFO: Before finding By

Jun 29, 2020 5:29:07 PM com.AutomationFramework.Core.WebEventsListener afterFindBy
INFO: Found Element By : By.xpath: //li[@id='nav-two']/a[@href='/umbraco/surface/general/myaccount'] Web Element 1 => [[OperaDriver: opera on WINDOWS (83c0ea4a0540e26057a411cff28ef3b8)] -> xpath: //li[@id='nav-two']/a[@href='/umbraco/surface/general/myaccount']]Web Element 2 => OperaDriver: opera on WINDOWS (83c0ea4a0540e26057a411cff28ef3b8)

Jun 29, 2020 5:29:07 PM com.AutomationFramework.Core.WebEventsListener beforeClickOn
INFO: Before clicking WebElement => [[OperaDriver: opera on WINDOWS (83c0ea4a0540e26057a411cff28ef3b8)] -> xpath: //li[@id='nav-two']/a[@href='/umbraco/surface/general/myaccount']]

Jun 29, 2020 5:29:07 PM com.AutomationFramework.Core.WebEventsListener afterClickOn
INFO: Clicked on: [[OperaDriver: opera on WINDOWS (83c0ea4a0540e26057a411cff28ef3b8)] -> xpath: //li[@id='nav-two']/a[@href='/umbraco/surface/general/myaccount']]

Jun 29, 2020 5:29:07 PM com.AutomationFramework.Core.WebEventsListener beforeGetScreenshotAs
INFO: Before getting screenshot

Jun 29, 2020 5:29:07 PM com.AutomationFramework.Core.WebEventsListener afterGetScreenshotAs
INFO: After screenshots taken

