Jun 30, 2020 5:21:58 PM com.AutomationFramework.Core.WebEventsListener beforeNavigateTo
INFO: Before navigating to: 'https://account.bbc.com/signin'

Jun 30, 2020 5:22:02 PM com.AutomationFramework.Core.WebEventsListener afterNavigateTo
INFO: Navigated to:'https://account.bbc.com/signin'

Jun 30, 2020 5:22:04 PM com.AutomationFramework.Core.WebEventsListener beforeFindBy
INFO: Before finding By

Jun 30, 2020 5:22:04 PM com.AutomationFramework.Core.WebEventsListener afterFindBy
INFO: Found Element By : By.xpath: /html//input[@id='user-identifier-input'] Web Element 1 => [[ChromeDriver: chrome on WINDOWS (036f058bac950999dda34c826018345c)] -> xpath: /html//input[@id='user-identifier-input']]Web Element 2 => ChromeDriver: chrome on WINDOWS (036f058bac950999dda34c826018345c)

Jun 30, 2020 5:22:04 PM com.AutomationFramework.Core.WebEventsListener beforeChangeValueOf
INFO: Before changing value

Jun 30, 2020 5:22:05 PM com.AutomationFramework.Core.WebEventsListener beforeFindBy
INFO: Before finding By

Jun 30, 2020 5:22:05 PM com.AutomationFramework.Core.WebEventsListener afterFindBy
INFO: Found Element By : By.xpath: /html//button[@id='submit-button'] Web Element 1 => [[ChromeDriver: chrome on WINDOWS (036f058bac950999dda34c826018345c)] -> xpath: /html//button[@id='submit-button']]Web Element 2 => ChromeDriver: chrome on WINDOWS (036f058bac950999dda34c826018345c)

Jun 30, 2020 5:22:05 PM com.AutomationFramework.Core.WebEventsListener beforeGetText
INFO: Before getting text of element=[[ChromeDriver: chrome on WINDOWS (036f058bac950999dda34c826018345c)] -> xpath: /html//button[@id='submit-button']]

Jun 30, 2020 5:22:05 PM com.AutomationFramework.Core.WebEventsListener afterGetText
INFO: After getting text => Sign in WebElement 1 => [[ChromeDriver: chrome on WINDOWS (036f058bac950999dda34c826018345c)] -> xpath: /html//button[@id='submit-button']] WebElement 2 => ChromeDriver: chrome on WINDOWS (036f058bac950999dda34c826018345c)

Jun 30, 2020 5:22:07 PM com.AutomationFramework.Core.WebEventsListener beforeFindBy
INFO: Before finding By

Jun 30, 2020 5:22:07 PM com.AutomationFramework.Core.WebEventsListener afterFindBy
INFO: Found Element By : By.xpath: /html//button[@id='submit-button'] Web Element 1 => [[ChromeDriver: chrome on WINDOWS (036f058bac950999dda34c826018345c)] -> xpath: /html//button[@id='submit-button']]Web Element 2 => ChromeDriver: chrome on WINDOWS (036f058bac950999dda34c826018345c)

Jun 30, 2020 5:22:07 PM com.AutomationFramework.Core.WebEventsListener beforeClickOn
INFO: Before clicking WebElement => [[ChromeDriver: chrome on WINDOWS (036f058bac950999dda34c826018345c)] -> xpath: /html//button[@id='submit-button']]

Jun 30, 2020 5:22:08 PM com.AutomationFramework.Core.WebEventsListener afterClickOn
INFO: Clicked on: [[ChromeDriver: chrome on WINDOWS (036f058bac950999dda34c826018345c)] -> xpath: /html//button[@id='submit-button']]

Jun 30, 2020 5:22:11 PM com.AutomationFramework.Core.WebEventsListener beforeGetScreenshotAs
INFO: Before getting screenshot

Jun 30, 2020 5:22:12 PM com.AutomationFramework.Core.WebEventsListener afterGetScreenshotAs
INFO: After screenshots taken

Jun 30, 2020 5:22:12 PM com.AutomationFramework.Core.WebEventsListener beforeNavigateTo
INFO: Before navigating to: 'https://www.kcomhome.com/'

Jun 30, 2020 5:22:14 PM com.AutomationFramework.Core.WebEventsListener afterNavigateTo
INFO: Navigated to:'https://www.kcomhome.com/'

Jun 30, 2020 5:22:18 PM com.AutomationFramework.Core.WebEventsListener beforeFindBy
INFO: Before finding By

Jun 30, 2020 5:22:18 PM com.AutomationFramework.Core.WebEventsListener afterFindBy
INFO: Found Element By : By.xpath: //li[@id='nav-two']/a[@href='/umbraco/surface/general/myaccount'] Web Element 1 => [[ChromeDriver: chrome on WINDOWS (036f058bac950999dda34c826018345c)] -> xpath: //li[@id='nav-two']/a[@href='/umbraco/surface/general/myaccount']]Web Element 2 => ChromeDriver: chrome on WINDOWS (036f058bac950999dda34c826018345c)

Jun 30, 2020 5:22:18 PM com.AutomationFramework.Core.WebEventsListener beforeClickOn
INFO: Before clicking WebElement => [[ChromeDriver: chrome on WINDOWS (036f058bac950999dda34c826018345c)] -> xpath: //li[@id='nav-two']/a[@href='/umbraco/surface/general/myaccount']]

Jun 30, 2020 5:22:18 PM com.AutomationFramework.Core.WebEventsListener afterClickOn
INFO: Clicked on: [[ChromeDriver: chrome on WINDOWS (036f058bac950999dda34c826018345c)] -> xpath: //li[@id='nav-two']/a[@href='/umbraco/surface/general/myaccount']]

Jun 30, 2020 5:22:18 PM com.AutomationFramework.Core.WebEventsListener beforeGetScreenshotAs
INFO: Before getting screenshot

Jun 30, 2020 5:22:18 PM com.AutomationFramework.Core.WebEventsListener afterGetScreenshotAs
INFO: After screenshots taken

